2022-04-13 10:39:49 ERROR com.epam.esm.exception.GlobalExceptionHandler     - org.springframework.web.method.annotation.MethodArgumentTypeMismatchException
Failed to convert value of type 'java.lang.String' to required type 'long'; nested exception is java.lang.NumberFormatException: For input string: "jftjtf"
{}
2022-04-13 10:42:33 ERROR com.epam.esm.exception.GlobalExceptionHandler     - java.lang.Exception
Request method 'POST' not supported
{}
2022-04-13 12:31:22 WARN  org.springframework.web.servlet.PageNotFound     - No mapping for POST /njf
2022-04-13 12:31:22 ERROR com.epam.esm.exception.GlobalExceptionHandler     - java.lang.NullPointerException
No handler found for POST /njf
{}
2022-04-13 12:31:36 ERROR com.epam.esm.exception.GlobalExceptionHandler     - java.lang.Exception
Request method 'POST' not supported
{}
2022-04-13 12:31:51 ERROR com.epam.esm.exception.GlobalExceptionHandler     - java.lang.Exception
Request method 'PATCH' not supported
{}
2022-04-13 12:32:02 WARN  org.springframework.web.servlet.PageNotFound     - No mapping for PATCH /certificatedf
2022-04-13 12:32:02 ERROR com.epam.esm.exception.GlobalExceptionHandler     - java.lang.NullPointerException
No handler found for PATCH /certificatedf
{}
2022-04-13 12:34:53 ERROR com.epam.esm.exception.GlobalExceptionHandler     - java.lang.Exception
Validation failed for argument [0] in public org.springframework.http.ResponseEntity<com.epam.esm.entity.GiftCertificate> com.epam.esm.controller.CertificateController.createCertificate(com.epam.esm.entity.GiftCertificate): [Field error in object 'giftCertificate' on field 'name': rejected value []; codes [Size.giftCertificate.name,Size.name,Size.java.lang.String,Size]; arguments [org.springframework.context.support.DefaultMessageSourceResolvable: codes [giftCertificate.name,name]; arguments []; default message [name],30,2]; default message [The Gift Certificate Name must contain from 2 to 20 characters]] 
{}
2022-04-13 15:42:39 ERROR com.epam.esm.exception.GlobalExceptionHandler     - org.springframework.web.method.annotation.MethodArgumentTypeMismatchException
Failed to convert value of type 'java.lang.String' to required type 'long'; nested exception is java.lang.NumberFormatException: For input string: "allTagsuf"
{}
2022-04-13 15:45:47 ERROR com.epam.esm.exception.GlobalExceptionHandler     - java.lang.Exception
com.epam.esm.dao.impl.GiftCertificateDaoImpl.lambda$buildEntity$1(GiftCertificateDaoImpl.java:29) method - lambda$buildEntity$1
com.epam.esm.dao.impl.GiftCertificateDaoImpl.buildEntity(GiftCertificateDaoImpl.java:30) method - buildEntity
com.epam.esm.dao.impl.GiftCertificateDaoImpl.buildEntity(GiftCertificateDaoImpl.java:18) method - buildEntity
com.epam.esm.dao.impl.AbstractDao.lambda$findEntity$0(AbstractDao.java:27) method - lambda$findEntity$0
com.epam.esm.dao.impl.AbstractDao.findEntity(AbstractDao.java:27) method - findEntity
com.epam.esm.service.impl.GiftCertificateServiceImpl.findCertificate(GiftCertificateServiceImpl.java:48) method - findCertificate
com.epam.esm.service.impl.GiftCertificateServiceImpl.createCertificate(GiftCertificateServiceImpl.java:98) method - createCertificate
com.epam.esm.controller.CertificateController.createCertificate(CertificateController.java:52) method - createCertificate
1
{}
2022-04-13 16:05:49 ERROR com.epam.esm.exception.GlobalExceptionHandler     - java.lang.Exception
Validation failed for argument [0] in public org.springframework.http.ResponseEntity<com.epam.esm.entity.GiftCertificate> com.epam.esm.controller.CertificateController.createCertificate(com.epam.esm.entity.GiftCertificate): [Field error in object 'giftCertificate' on field 'tags[0].name': rejected value [p]; codes [Size.giftCertificate.tags[0].name,Size.giftCertificate.tags.name,Size.tags[0].name,Size.tags.name,Size.name,Size.java.lang.String,Size]; arguments [org.springframework.context.support.DefaultMessageSourceResolvable: codes [giftCertificate.tags[0].name,tags[0].name]; arguments []; default message [tags[0].name],30,2]; default message [The Tag Name must contain from 2 to 30 characters]] 
{}
2022-04-13 16:06:06 ERROR com.epam.esm.exception.GlobalExceptionHandler     - java.lang.Exception
Validation failed for argument [0] in public org.springframework.http.ResponseEntity<com.epam.esm.entity.GiftCertificate> com.epam.esm.controller.CertificateController.createCertificate(com.epam.esm.entity.GiftCertificate): [Field error in object 'giftCertificate' on field 'tags[0].name': rejected value []; codes [Size.giftCertificate.tags[0].name,Size.giftCertificate.tags.name,Size.tags[0].name,Size.tags.name,Size.name,Size.java.lang.String,Size]; arguments [org.springframework.context.support.DefaultMessageSourceResolvable: codes [giftCertificate.tags[0].name,tags[0].name]; arguments []; default message [tags[0].name],30,2]; default message [The Tag Name must contain from 2 to 30 characters]] 
{}
2022-04-13 16:10:14 ERROR com.epam.esm.exception.GlobalExceptionHandler     - java.lang.Exception
Validation failed for argument [0] in public org.springframework.http.ResponseEntity<com.epam.esm.entity.Tag> com.epam.esm.controller.TagController.createTag(com.epam.esm.entity.Tag): [Field error in object 'tag' on field 'name': rejected value [g]; codes [Size.tag.name,Size.name,Size.java.lang.String,Size]; arguments [org.springframework.context.support.DefaultMessageSourceResolvable: codes [tag.name,name]; arguments []; default message [name],30,2]; default message [The Tag Name must contain from 2 to 30 characters]] 
{}
2022-04-13 16:10:21 ERROR com.epam.esm.exception.GlobalExceptionHandler     - java.lang.Exception
Validation failed for argument [0] in public org.springframework.http.ResponseEntity<com.epam.esm.entity.Tag> com.epam.esm.controller.TagController.createTag(com.epam.esm.entity.Tag): [Field error in object 'tag' on field 'name': rejected value []; codes [Size.tag.name,Size.name,Size.java.lang.String,Size]; arguments [org.springframework.context.support.DefaultMessageSourceResolvable: codes [tag.name,name]; arguments []; default message [name],30,2]; default message [The Tag Name must contain from 2 to 30 characters]] 
{}
2022-04-13 16:10:39 ERROR com.epam.esm.exception.GlobalExceptionHandler     - java.lang.Exception
Request method 'PATCH' not supported
{}
2022-04-13 16:11:23 ERROR com.epam.esm.exception.GlobalExceptionHandler     - java.lang.Exception
Validation failed for argument [0] in public org.springframework.http.ResponseEntity<com.epam.esm.entity.GiftCertificate> com.epam.esm.controller.CertificateController.createCertificate(com.epam.esm.entity.GiftCertificate) with 2 errors: [Field error in object 'giftCertificate' on field 'name': rejected value []; codes [Size.giftCertificate.name,Size.name,Size.java.lang.String,Size]; arguments [org.springframework.context.support.DefaultMessageSourceResolvable: codes [giftCertificate.name,name]; arguments []; default message [name],30,2]; default message [The Gift Certificate Name must contain from 2 to 20 characters]] [Field error in object 'giftCertificate' on field 'tags[0].name': rejected value []; codes [Size.giftCertificate.tags[0].name,Size.giftCertificate.tags.name,Size.tags[0].name,Size.tags.name,Size.name,Size.java.lang.String,Size]; arguments [org.springframework.context.support.DefaultMessageSourceResolvable: codes [giftCertificate.tags[0].name,tags[0].name]; arguments []; default message [tags[0].name],30,2]; default message [The Tag Name must contain from 2 to 30 characters]] 
{}
2022-04-13 16:11:55 ERROR com.epam.esm.exception.GlobalExceptionHandler     - java.lang.Exception
Validation failed for argument [0] in public org.springframework.http.ResponseEntity<com.epam.esm.entity.GiftCertificate> com.epam.esm.controller.CertificateController.createCertificate(com.epam.esm.entity.GiftCertificate): [Field error in object 'giftCertificate' on field 'name': rejected value []; codes [Size.giftCertificate.name,Size.name,Size.java.lang.String,Size]; arguments [org.springframework.context.support.DefaultMessageSourceResolvable: codes [giftCertificate.name,name]; arguments []; default message [name],30,2]; default message [The Gift Certificate Name must contain from 2 to 20 characters]] 
{}
2022-04-13 16:12:02 ERROR com.epam.esm.exception.GlobalExceptionHandler     - java.lang.Exception
JSON parse error: Unexpected character (',' (code 44)): expected a value; nested exception is com.fasterxml.jackson.core.JsonParseException: Unexpected character (',' (code 44)): expected a value
 at [Source: (org.springframework.util.StreamUtils$NonClosingInputStream); line: 2, column: 14]
{}
2022-04-13 16:12:26 ERROR com.epam.esm.exception.GlobalExceptionHandler     - java.lang.Exception
Validation failed for argument [0] in public org.springframework.http.ResponseEntity<com.epam.esm.entity.GiftCertificate> com.epam.esm.controller.CertificateController.createCertificate(com.epam.esm.entity.GiftCertificate): [Field error in object 'giftCertificate' on field 'name': rejected value [null]; codes [NotNull.giftCertificate.name,NotNull.name,NotNull.java.lang.String,NotNull]; arguments [org.springframework.context.support.DefaultMessageSourceResolvable: codes [giftCertificate.name,name]; arguments []; default message [name]]; default message [The name field must not be null]] 
{}
2022-04-13 16:13:57 ERROR com.epam.esm.exception.GlobalExceptionHandler     - java.lang.Exception
Validation failed for argument [0] in public org.springframework.http.ResponseEntity<com.epam.esm.entity.Tag> com.epam.esm.controller.TagController.createTag(com.epam.esm.entity.Tag): [Field error in object 'tag' on field 'name': rejected value [null]; codes [NotNull.tag.name,NotNull.name,NotNull.java.lang.String,NotNull]; arguments [org.springframework.context.support.DefaultMessageSourceResolvable: codes [tag.name,name]; arguments []; default message [name]]; default message [The name field must not be null]] 
{}
